<?xml version="1.0" encoding="UTF-8"?>
<coverage generated="1587841659000" clover="3.2.0">
  <project timestamp="1587841659000" name="All files">
    <metrics statements="27" coveredstatements="27" conditionals="16" coveredconditionals="15" methods="14" coveredmethods="14" elements="57" coveredelements="56" complexity="0" loc="27" ncloc="27" packages="1" files="1" classes="1"/>
    <file name="Set.js" path="/Users/Fitch/alchemy/career-track/Set/Set.js">
      <metrics statements="27" coveredstatements="27" conditionals="16" coveredconditionals="15" methods="14" coveredmethods="14"/>
      <line num="3" count="21" type="stmt"/>
      <line num="7" count="51" type="cond" truecount="2" falsecount="0"/>
      <line num="8" count="51" type="stmt"/>
      <line num="12" count="1" type="cond" truecount="1" falsecount="1"/>
      <line num="13" count="1" type="stmt"/>
      <line num="17" count="2" type="cond" truecount="2" falsecount="0"/>
      <line num="18" count="1" type="stmt"/>
      <line num="22" count="1" type="stmt"/>
      <line num="23" count="1" type="stmt"/>
      <line num="24" count="3" type="cond" truecount="2" falsecount="0"/>
      <line num="26" count="1" type="stmt"/>
      <line num="30" count="1" type="stmt"/>
      <line num="31" count="3" type="stmt"/>
      <line num="32" count="1" type="stmt"/>
      <line num="33" count="3" type="cond" truecount="2" falsecount="0"/>
      <line num="35" count="1" type="stmt"/>
      <line num="39" count="1" type="stmt"/>
      <line num="40" count="1" type="stmt"/>
      <line num="41" count="3" type="cond" truecount="2" falsecount="0"/>
      <line num="43" count="1" type="stmt"/>
      <line num="44" count="3" type="cond" truecount="2" falsecount="0"/>
      <line num="46" count="1" type="stmt"/>
      <line num="50" count="1" type="stmt"/>
      <line num="51" count="1" type="stmt"/>
      <line num="52" count="3" type="cond" truecount="2" falsecount="0"/>
      <line num="54" count="1" type="stmt"/>
      <line num="59" count="1" type="stmt"/>
    </file>
  </project>
</coverage>
