{"/Users/Fitch/alchemy/career-track/Set/Set.js": {"path":"/Users/Fitch/alchemy/career-track/Set/Set.js","statementMap":{"0":{"start":{"line":3,"column":4},"end":{"line":3,"column":20}},"1":{"start":{"line":7,"column":4},"end":{"line":7,"column":58}},"2":{"start":{"line":7,"column":36},"end":{"line":7,"column":58}},"3":{"start":{"line":8,"column":4},"end":{"line":8,"column":22}},"4":{"start":{"line":12,"column":4},"end":{"line":12,"column":82}},"5":{"start":{"line":12,"column":35},"end":{"line":12,"column":82}},"6":{"start":{"line":13,"column":4},"end":{"line":13,"column":22}},"7":{"start":{"line":17,"column":4},"end":{"line":17,"column":47}},"8":{"start":{"line":17,"column":35},"end":{"line":17,"column":47}},"9":{"start":{"line":18,"column":4},"end":{"line":18,"column":17}},"10":{"start":{"line":22,"column":21},"end":{"line":22,"column":30}},"11":{"start":{"line":23,"column":4},"end":{"line":25,"column":7}},"12":{"start":{"line":24,"column":6},"end":{"line":24,"column":54}},"13":{"start":{"line":24,"column":35},"end":{"line":24,"column":54}},"14":{"start":{"line":26,"column":4},"end":{"line":26,"column":20}},"15":{"start":{"line":30,"column":21},"end":{"line":30,"column":30}},"16":{"start":{"line":31,"column":4},"end":{"line":31,"column":51}},"17":{"start":{"line":31,"column":31},"end":{"line":31,"column":49}},"18":{"start":{"line":32,"column":4},"end":{"line":34,"column":7}},"19":{"start":{"line":33,"column":6},"end":{"line":33,"column":60}},"20":{"start":{"line":33,"column":41},"end":{"line":33,"column":60}},"21":{"start":{"line":35,"column":4},"end":{"line":35,"column":20}},"22":{"start":{"line":39,"column":20},"end":{"line":39,"column":29}},"23":{"start":{"line":40,"column":4},"end":{"line":42,"column":7}},"24":{"start":{"line":41,"column":6},"end":{"line":41,"column":54}},"25":{"start":{"line":41,"column":36},"end":{"line":41,"column":54}},"26":{"start":{"line":43,"column":4},"end":{"line":45,"column":7}},"27":{"start":{"line":44,"column":6},"end":{"line":44,"column":55}},"28":{"start":{"line":44,"column":37},"end":{"line":44,"column":55}},"29":{"start":{"line":46,"column":4},"end":{"line":46,"column":19}},"30":{"start":{"line":50,"column":21},"end":{"line":50,"column":30}},"31":{"start":{"line":51,"column":4},"end":{"line":53,"column":7}},"32":{"start":{"line":52,"column":6},"end":{"line":52,"column":55}},"33":{"start":{"line":52,"column":36},"end":{"line":52,"column":55}},"34":{"start":{"line":54,"column":4},"end":{"line":54,"column":20}},"35":{"start":{"line":59,"column":0},"end":{"line":59,"column":25}}},"fnMap":{"0":{"name":"(anonymous_0)","decl":{"start":{"line":2,"column":2},"end":{"line":2,"column":3}},"loc":{"start":{"line":2,"column":16},"end":{"line":4,"column":3}},"line":2},"1":{"name":"(anonymous_1)","decl":{"start":{"line":6,"column":2},"end":{"line":6,"column":3}},"loc":{"start":{"line":6,"column":12},"end":{"line":9,"column":3}},"line":6},"2":{"name":"(anonymous_2)","decl":{"start":{"line":11,"column":2},"end":{"line":11,"column":3}},"loc":{"start":{"line":11,"column":15},"end":{"line":14,"column":3}},"line":11},"3":{"name":"(anonymous_3)","decl":{"start":{"line":16,"column":2},"end":{"line":16,"column":3}},"loc":{"start":{"line":16,"column":12},"end":{"line":19,"column":3}},"line":16},"4":{"name":"(anonymous_4)","decl":{"start":{"line":21,"column":2},"end":{"line":21,"column":3}},"loc":{"start":{"line":21,"column":20},"end":{"line":27,"column":3}},"line":21},"5":{"name":"(anonymous_5)","decl":{"start":{"line":23,"column":23},"end":{"line":23,"column":24}},"loc":{"start":{"line":23,"column":31},"end":{"line":25,"column":5}},"line":23},"6":{"name":"(anonymous_6)","decl":{"start":{"line":29,"column":2},"end":{"line":29,"column":3}},"loc":{"start":{"line":29,"column":13},"end":{"line":36,"column":3}},"line":29},"7":{"name":"(anonymous_7)","decl":{"start":{"line":31,"column":23},"end":{"line":31,"column":24}},"loc":{"start":{"line":31,"column":31},"end":{"line":31,"column":49}},"line":31},"8":{"name":"(anonymous_8)","decl":{"start":{"line":32,"column":22},"end":{"line":32,"column":23}},"loc":{"start":{"line":32,"column":30},"end":{"line":34,"column":5}},"line":32},"9":{"name":"(anonymous_9)","decl":{"start":{"line":38,"column":2},"end":{"line":38,"column":3}},"loc":{"start":{"line":38,"column":18},"end":{"line":47,"column":3}},"line":38},"10":{"name":"(anonymous_10)","decl":{"start":{"line":40,"column":23},"end":{"line":40,"column":24}},"loc":{"start":{"line":40,"column":31},"end":{"line":42,"column":5}},"line":40},"11":{"name":"(anonymous_11)","decl":{"start":{"line":43,"column":22},"end":{"line":43,"column":23}},"loc":{"start":{"line":43,"column":30},"end":{"line":45,"column":5}},"line":43},"12":{"name":"(anonymous_12)","decl":{"start":{"line":49,"column":2},"end":{"line":49,"column":3}},"loc":{"start":{"line":49,"column":34},"end":{"line":55,"column":3}},"line":49},"13":{"name":"(anonymous_13)","decl":{"start":{"line":51,"column":23},"end":{"line":51,"column":24}},"loc":{"start":{"line":51,"column":31},"end":{"line":53,"column":5}},"line":51}},"branchMap":{"0":{"loc":{"start":{"line":7,"column":4},"end":{"line":7,"column":58}},"type":"if","locations":[{"start":{"line":7,"column":4},"end":{"line":7,"column":58}},{"start":{"line":7,"column":4},"end":{"line":7,"column":58}}],"line":7},"1":{"loc":{"start":{"line":12,"column":4},"end":{"line":12,"column":82}},"type":"if","locations":[{"start":{"line":12,"column":4},"end":{"line":12,"column":82}},{"start":{"line":12,"column":4},"end":{"line":12,"column":82}}],"line":12},"2":{"loc":{"start":{"line":17,"column":4},"end":{"line":17,"column":47}},"type":"if","locations":[{"start":{"line":17,"column":4},"end":{"line":17,"column":47}},{"start":{"line":17,"column":4},"end":{"line":17,"column":47}}],"line":17},"3":{"loc":{"start":{"line":24,"column":6},"end":{"line":24,"column":54}},"type":"if","locations":[{"start":{"line":24,"column":6},"end":{"line":24,"column":54}},{"start":{"line":24,"column":6},"end":{"line":24,"column":54}}],"line":24},"4":{"loc":{"start":{"line":33,"column":6},"end":{"line":33,"column":60}},"type":"if","locations":[{"start":{"line":33,"column":6},"end":{"line":33,"column":60}},{"start":{"line":33,"column":6},"end":{"line":33,"column":60}}],"line":33},"5":{"loc":{"start":{"line":41,"column":6},"end":{"line":41,"column":54}},"type":"if","locations":[{"start":{"line":41,"column":6},"end":{"line":41,"column":54}},{"start":{"line":41,"column":6},"end":{"line":41,"column":54}}],"line":41},"6":{"loc":{"start":{"line":44,"column":6},"end":{"line":44,"column":55}},"type":"if","locations":[{"start":{"line":44,"column":6},"end":{"line":44,"column":55}},{"start":{"line":44,"column":6},"end":{"line":44,"column":55}}],"line":44},"7":{"loc":{"start":{"line":52,"column":6},"end":{"line":52,"column":55}},"type":"if","locations":[{"start":{"line":52,"column":6},"end":{"line":52,"column":55}},{"start":{"line":52,"column":6},"end":{"line":52,"column":55}}],"line":52}},"s":{"0":21,"1":51,"2":50,"3":51,"4":1,"5":1,"6":1,"7":2,"8":1,"9":1,"10":1,"11":1,"12":3,"13":2,"14":1,"15":1,"16":1,"17":3,"18":1,"19":3,"20":1,"21":1,"22":1,"23":1,"24":3,"25":1,"26":1,"27":3,"28":1,"29":1,"30":1,"31":1,"32":3,"33":2,"34":1,"35":1},"f":{"0":21,"1":51,"2":1,"3":2,"4":1,"5":3,"6":1,"7":3,"8":3,"9":1,"10":3,"11":3,"12":1,"13":3},"b":{"0":[50,1],"1":[1,0],"2":[1,1],"3":[2,1],"4":[1,2],"5":[1,2],"6":[1,2],"7":[2,1]},"_coverageSchema":"1a1c01bbd47fc00a2c39e90264f33305004495a9","hash":"62b25840402280a008907855c35e4e8cac7a743e"}
}
