{"/Users/Fitch/alchemy/career-track/Set/Set.js": {"path":"/Users/Fitch/alchemy/career-track/Set/Set.js","statementMap":{"0":{"start":{"line":3,"column":4},"end":{"line":3,"column":20}},"1":{"start":{"line":7,"column":4},"end":{"line":7,"column":58}},"2":{"start":{"line":7,"column":36},"end":{"line":7,"column":58}},"3":{"start":{"line":8,"column":4},"end":{"line":8,"column":22}},"4":{"start":{"line":12,"column":4},"end":{"line":12,"column":82}},"5":{"start":{"line":12,"column":35},"end":{"line":12,"column":82}},"6":{"start":{"line":13,"column":4},"end":{"line":13,"column":22}},"7":{"start":{"line":17,"column":4},"end":{"line":17,"column":47}},"8":{"start":{"line":17,"column":35},"end":{"line":17,"column":47}},"9":{"start":{"line":18,"column":4},"end":{"line":18,"column":17}},"10":{"start":{"line":22,"column":21},"end":{"line":22,"column":30}},"11":{"start":{"line":23,"column":4},"end":{"line":25,"column":7}},"12":{"start":{"line":24,"column":6},"end":{"line":24,"column":54}},"13":{"start":{"line":24,"column":35},"end":{"line":24,"column":54}},"14":{"start":{"line":28,"column":4},"end":{"line":28,"column":20}},"15":{"start":{"line":33,"column":0},"end":{"line":33,"column":25}}},"fnMap":{"0":{"name":"(anonymous_0)","decl":{"start":{"line":2,"column":2},"end":{"line":2,"column":3}},"loc":{"start":{"line":2,"column":16},"end":{"line":4,"column":3}},"line":2},"1":{"name":"(anonymous_1)","decl":{"start":{"line":6,"column":2},"end":{"line":6,"column":3}},"loc":{"start":{"line":6,"column":12},"end":{"line":9,"column":3}},"line":6},"2":{"name":"(anonymous_2)","decl":{"start":{"line":11,"column":2},"end":{"line":11,"column":3}},"loc":{"start":{"line":11,"column":15},"end":{"line":14,"column":3}},"line":11},"3":{"name":"(anonymous_3)","decl":{"start":{"line":16,"column":2},"end":{"line":16,"column":3}},"loc":{"start":{"line":16,"column":12},"end":{"line":19,"column":3}},"line":16},"4":{"name":"(anonymous_4)","decl":{"start":{"line":21,"column":2},"end":{"line":21,"column":3}},"loc":{"start":{"line":21,"column":20},"end":{"line":29,"column":3}},"line":21},"5":{"name":"(anonymous_5)","decl":{"start":{"line":23,"column":23},"end":{"line":23,"column":24}},"loc":{"start":{"line":23,"column":31},"end":{"line":25,"column":5}},"line":23}},"branchMap":{"0":{"loc":{"start":{"line":7,"column":4},"end":{"line":7,"column":58}},"type":"if","locations":[{"start":{"line":7,"column":4},"end":{"line":7,"column":58}},{"start":{"line":7,"column":4},"end":{"line":7,"column":58}}],"line":7},"1":{"loc":{"start":{"line":12,"column":4},"end":{"line":12,"column":82}},"type":"if","locations":[{"start":{"line":12,"column":4},"end":{"line":12,"column":82}},{"start":{"line":12,"column":4},"end":{"line":12,"column":82}}],"line":12},"2":{"loc":{"start":{"line":17,"column":4},"end":{"line":17,"column":47}},"type":"if","locations":[{"start":{"line":17,"column":4},"end":{"line":17,"column":47}},{"start":{"line":17,"column":4},"end":{"line":17,"column":47}}],"line":17},"3":{"loc":{"start":{"line":24,"column":6},"end":{"line":24,"column":54}},"type":"if","locations":[{"start":{"line":24,"column":6},"end":{"line":24,"column":54}},{"start":{"line":24,"column":6},"end":{"line":24,"column":54}}],"line":24}},"s":{"0":9,"1":17,"2":16,"3":17,"4":1,"5":1,"6":1,"7":2,"8":1,"9":1,"10":1,"11":1,"12":3,"13":2,"14":1,"15":1},"f":{"0":9,"1":17,"2":1,"3":2,"4":1,"5":3},"b":{"0":[16,1],"1":[1,0],"2":[1,1],"3":[2,1]},"_coverageSchema":"1a1c01bbd47fc00a2c39e90264f33305004495a9","hash":"1f71d16f2782fe15c91ba28f276d6df2d7f6b199"}
}
