TN:
SF:Set.js
FN:2,(anonymous_0)
FN:6,(anonymous_1)
FN:11,(anonymous_2)
FN:16,(anonymous_3)
FN:21,(anonymous_4)
FN:23,(anonymous_5)
FN:29,(anonymous_6)
FN:31,(anonymous_7)
FN:32,(anonymous_8)
FN:38,(anonymous_9)
FN:40,(anonymous_10)
FN:43,(anonymous_11)
FN:49,(anonymous_12)
FN:51,(anonymous_13)
FNF:14
FNH:14
FNDA:21,(anonymous_0)
FNDA:51,(anonymous_1)
FNDA:1,(anonymous_2)
FNDA:2,(anonymous_3)
FNDA:1,(anonymous_4)
FNDA:3,(anonymous_5)
FNDA:1,(anonymous_6)
FNDA:3,(anonymous_7)
FNDA:3,(anonymous_8)
FNDA:1,(anonymous_9)
FNDA:3,(anonymous_10)
FNDA:3,(anonymous_11)
FNDA:1,(anonymous_12)
FNDA:3,(anonymous_13)
DA:3,21
DA:7,51
DA:8,51
DA:12,1
DA:13,1
DA:17,2
DA:18,1
DA:22,1
DA:23,1
DA:24,3
DA:26,1
DA:30,1
DA:31,3
DA:32,1
DA:33,3
DA:35,1
DA:39,1
DA:40,1
DA:41,3
DA:43,1
DA:44,3
DA:46,1
DA:50,1
DA:51,1
DA:52,3
DA:54,1
DA:59,1
LF:27
LH:27
BRDA:7,0,0,50
BRDA:7,0,1,1
BRDA:12,1,0,1
BRDA:12,1,1,0
BRDA:17,2,0,1
BRDA:17,2,1,1
BRDA:24,3,0,2
BRDA:24,3,1,1
BRDA:33,4,0,1
BRDA:33,4,1,2
BRDA:41,5,0,1
BRDA:41,5,1,2
BRDA:44,6,0,1
BRDA:44,6,1,2
BRDA:52,7,0,2
BRDA:52,7,1,1
BRF:16
BRH:15
end_of_record
